# JRE version: Java(TM) SE Runtime Environment (17.0.12+8) (build 17.0.12+8-LTS-286)
# Java VM: Java HotSpot(TM) 64-Bit Server VM (17.0.12+8-LTS-286, mixed mode, emulated-client, sharing, tiered, compressed oops, compressed class ptrs, g1 gc, windows-amd64)
GC Precious Log:
 CPUs: 16 total, 16 available
 Memory: 5989M
 Large Page Support: Disabled
 NUMA Support: Disabled
 Compressed Oops: Enabled (32-bit)
 Heap Region Size: 1M
 Heap Min Capacity: 8M
 Heap Initial Capacity: 94M
 Heap Max Capacity: 1498M
 Pre-touch: Disabled
 Parallel Workers: 13
 Concurrent Workers: 3
 Concurrent Refinement Workers: 13
 Periodic GC: Disabled
Heap:
 garbage-first heap   total 176128K, used 87397K [0x00000000a2600000, 0x0000000100000000)
  region size 1024K, 4 young (4096K), 4 survivors (4096K)
 Metaspace       used 68939K, committed 69504K, reserved 1114112K
  class space    used 9928K, committed 10176K, reserved 1048576K
GC Heap History (20 events):
Event: 24.213 GC heap after
{Heap after GC invocations=14 (full 0):
 garbage-first heap   total 86016K, used 29617K [0x00000000a2600000, 0x0000000100000000)
  region size 1024K, 3 young (3072K), 3 survivors (3072K)
 Metaspace       used 59642K, committed 60160K, reserved 1114112K
  class space    used 8593K, committed 8832K, reserved 1048576K
}
Event: 25.458 GC heap before
{Heap before GC invocations=15 (full 0):
 garbage-first heap   total 86016K, used 67505K [0x00000000a2600000, 0x0000000100000000)
  region size 1024K, 40 young (40960K), 3 survivors (3072K)
 Metaspace       used 65383K, committed 65984K, reserved 1114112K
  class space    used 9443K, committed 9728K, reserved 1048576K
}
Event: 25.463 GC heap after
{Heap after GC invocations=16 (full 0):
 garbage-first heap   total 86016K, used 32288K [0x00000000a2600000, 0x0000000100000000)
  region size 1024K, 5 young (5120K), 5 survivors (5120K)
 Metaspace       used 65383K, committed 65984K, reserved 1114112K
  class space    used 9443K, committed 9728K, reserved 1048576K
}
Event: 26.228 GC heap before
{Heap before GC invocations=16 (full 0):
 garbage-first heap   total 86016K, used 69152K [0x00000000a2600000, 0x0000000100000000)
  region size 1024K, 40 young (40960K), 5 survivors (5120K)
 Metaspace       used 68886K, committed 69440K, reserved 1114112K
  class space    used 9913K, committed 10176K, reserved 1048576K
}
Event: 26.235 GC heap after
{Heap after GC invocations=17 (full 0):
 garbage-first heap   total 86016K, used 38057K [0x00000000a2600000, 0x0000000100000000)
  region size 1024K, 5 young (5120K), 5 survivors (5120K)
 Metaspace       used 68886K, committed 69440K, reserved 1114112K
  class space    used 9913K, committed 10176K, reserved 1048576K
}
Event: 26.300 GC heap before
{Heap before GC invocations=17 (full 0):
 garbage-first heap   total 86016K, used 66729K [0x00000000a2600000, 0x0000000100000000)
  region size 1024K, 33 young (33792K), 5 survivors (5120K)
 Metaspace       used 68886K, committed 69440K, reserved 1114112K
  class space    used 9913K, committed 10176K, reserved 1048576K
}
Event: 26.307 GC heap after
{Heap after GC invocations=18 (full 0):
 garbage-first heap   total 86016K, used 43502K [0x00000000a2600000, 0x0000000100000000)
  region size 1024K, 5 young (5120K), 5 survivors (5120K)
 Metaspace       used 68886K, committed 69440K, reserved 1114112K
  class space    used 9913K, committed 10176K, reserved 1048576K
}
Event: 26.315 GC heap before
{Heap before GC invocations=18 (full 0):
 garbage-first heap   total 86016K, used 46574K [0x00000000a2600000, 0x0000000100000000)
  region size 1024K, 10 young (10240K), 5 survivors (5120K)
 Metaspace       used 68886K, committed 69440K, reserved 1114112K
  class space    used 9913K, committed 10176K, reserved 1048576K
}
Event: 26.319 GC heap after
{Heap after GC invocations=19 (full 0):
 garbage-first heap   total 86016K, used 45692K [0x00000000a2600000, 0x0000000100000000)
  region size 1024K, 2 young (2048K), 2 survivors (2048K)
 Metaspace       used 68886K, committed 69440K, reserved 1114112K
  class space    used 9913K, committed 10176K, reserved 1048576K
}
Event: 26.429 GC heap before
{Heap before GC invocations=20 (full 0):
 garbage-first heap   total 96256K, used 66172K [0x00000000a2600000, 0x0000000100000000)
  region size 1024K, 22 young (22528K), 2 survivors (2048K)
 Metaspace       used 68930K, committed 69504K, reserved 1114112K
  class space    used 9926K, committed 10176K, reserved 1048576K
}
Event: 26.434 GC heap after
{Heap after GC invocations=21 (full 0):
 garbage-first heap   total 96256K, used 52594K [0x00000000a2600000, 0x0000000100000000)
  region size 1024K, 3 young (3072K), 3 survivors (3072K)
 Metaspace       used 68930K, committed 69504K, reserved 1114112K
  class space    used 9926K, committed 10176K, reserved 1048576K
}
Event: 26.461 GC heap before
{Heap before GC invocations=21 (full 0):
 garbage-first heap   total 96256K, used 72050K [0x00000000a2600000, 0x0000000100000000)
  region size 1024K, 22 young (22528K), 3 survivors (3072K)
 Metaspace       used 68930K, committed 69504K, reserved 1114112K
  class space    used 9926K, committed 10176K, reserved 1048576K
}
Event: 26.465 GC heap after
{Heap after GC invocations=22 (full 0):
 garbage-first heap   total 148480K, used 57844K [0x00000000a2600000, 0x0000000100000000)
  region size 1024K, 3 young (3072K), 3 survivors (3072K)
 Metaspace       used 68930K, committed 69504K, reserved 1114112K
  class space    used 9926K, committed 10176K, reserved 1048576K
}
Event: 26.569 GC heap before
{Heap before GC invocations=23 (full 0):
 garbage-first heap   total 148480K, used 108020K [0x00000000a2600000, 0x0000000100000000)
  region size 1024K, 51 young (52224K), 3 survivors (3072K)
 Metaspace       used 68930K, committed 69504K, reserved 1114112K
  class space    used 9926K, committed 10176K, reserved 1048576K
}
Event: 26.579 GC heap after
{Heap after GC invocations=24 (full 0):
 garbage-first heap   total 148480K, used 70656K [0x00000000a2600000, 0x0000000100000000)
  region size 1024K, 7 young (7168K), 7 survivors (7168K)
 Metaspace       used 68930K, committed 69504K, reserved 1114112K
  class space    used 9926K, committed 10176K, reserved 1048576K
}
Event: 26.615 GC heap before
{Heap before GC invocations=24 (full 0):
 garbage-first heap   total 148480K, used 109568K [0x00000000a2600000, 0x0000000100000000)
  region size 1024K, 44 young (45056K), 7 survivors (7168K)
 Metaspace       used 68930K, committed 69504K, reserved 1114112K
  class space    used 9926K, committed 10176K, reserved 1048576K
}
Event: 26.622 GC heap after
{Heap after GC invocations=25 (full 0):
 garbage-first heap   total 148480K, used 80653K [0x00000000a2600000, 0x0000000100000000)
  region size 1024K, 6 young (6144K), 6 survivors (6144K)
 Metaspace       used 68930K, committed 69504K, reserved 1114112K
  class space    used 9926K, committed 10176K, reserved 1048576K
}
Event: 26.657 GC heap before
{Heap before GC invocations=25 (full 0):
 garbage-first heap   total 148480K, used 86797K [0x00000000a2600000, 0x0000000100000000)
  region size 1024K, 14 young (14336K), 6 survivors (6144K)
 Metaspace       used 68939K, committed 69504K, reserved 1114112K
  class space    used 9928K, committed 10176K, reserved 1048576K
}
Event: 26.663 GC heap after
{Heap after GC invocations=26 (full 0):
 garbage-first heap   total 148480K, used 84259K [0x00000000a2600000, 0x0000000100000000)
  region size 1024K, 3 young (3072K), 3 survivors (3072K)
 Metaspace       used 68939K, committed 69504K, reserved 1114112K
  class space    used 9928K, committed 10176K, reserved 1048576K
}
Event: 26.707 GC heap before
{Heap before GC invocations=26 (full 0):
 garbage-first heap   total 176128K, used 105763K [0x00000000a2600000, 0x0000000100000000)
  region size 1024K, 27 young (27648K), 3 survivors (3072K)
 Metaspace       used 68939K, committed 69504K, reserved 1114112K
  class space    used 9928K, committed 10176K, reserved 1048576K
}

