# JRE version: Java(TM) SE Runtime Environment (17.0.12+8) (build 17.0.12+8-LTS-286)
# Java VM: Java HotSpot(TM) 64-Bit Server VM (17.0.12+8-LTS-286, mixed mode, emulated-client, sharing, tiered, compressed oops, compressed class ptrs, g1 gc, windows-amd64)
GC Precious Log:
 CPUs: 16 total, 16 available
 Memory: 5989M
 Large Page Support: Disabled
 NUMA Support: Disabled
 Compressed Oops: Enabled (32-bit)
 Heap Region Size: 1M
 Heap Min Capacity: 8M
 Heap Initial Capacity: 94M
 Heap Max Capacity: 1498M
 Pre-touch: Disabled
 Parallel Workers: 13
 Concurrent Workers: 3
 Concurrent Refinement Workers: 13
 Periodic GC: Disabled
Heap:
 garbage-first heap   total 71680K, used 45682K [0x00000000a2600000, 0x0000000100000000)
  region size 1024K, 9 young (9216K), 3 survivors (3072K)
 Metaspace       used 68888K, committed 69568K, reserved 1114112K
  class space    used 9913K, committed 10240K, reserved 1048576K
GC Heap History (20 events):
Event: 16.222 GC heap before
{Heap before GC invocations=9 (full 0):
 garbage-first heap   total 55296K, used 40705K [0x00000000a2600000, 0x0000000100000000)
  region size 1024K, 22 young (22528K), 3 survivors (3072K)
 Metaspace       used 35495K, committed 35968K, reserved 1114112K
  class space    used 5044K, committed 5312K, reserved 1048576K
}
Event: 16.229 GC heap after
{Heap after GC invocations=10 (full 0):
 garbage-first heap   total 55296K, used 23270K [0x00000000a2600000, 0x0000000100000000)
  region size 1024K, 2 young (2048K), 2 survivors (2048K)
 Metaspace       used 35495K, committed 35968K, reserved 1114112K
  class space    used 5044K, committed 5312K, reserved 1048576K
}
Event: 16.664 GC heap before
{Heap before GC invocations=11 (full 0):
 garbage-first heap   total 55296K, used 41702K [0x00000000a2600000, 0x0000000100000000)
  region size 1024K, 20 young (20480K), 2 survivors (2048K)
 Metaspace       used 38988K, committed 39488K, reserved 1114112K
  class space    used 5559K, committed 5824K, reserved 1048576K
}
Event: 16.667 GC heap after
{Heap after GC invocations=12 (full 0):
 garbage-first heap   total 55296K, used 24456K [0x00000000a2600000, 0x0000000100000000)
  region size 1024K, 2 young (2048K), 2 survivors (2048K)
 Metaspace       used 38988K, committed 39488K, reserved 1114112K
  class space    used 5559K, committed 5824K, reserved 1048576K
}
Event: 16.689 GC heap before
{Heap before GC invocations=12 (full 0):
 garbage-first heap   total 55296K, used 25480K [0x00000000a2600000, 0x0000000100000000)
  region size 1024K, 3 young (3072K), 2 survivors (2048K)
 Metaspace       used 39193K, committed 39744K, reserved 1114112K
  class space    used 5598K, committed 5888K, reserved 1048576K
}
Event: 16.691 GC heap after
{Heap after GC invocations=13 (full 0):
 garbage-first heap   total 55296K, used 24780K [0x00000000a2600000, 0x0000000100000000)
  region size 1024K, 1 young (1024K), 1 survivors (1024K)
 Metaspace       used 39193K, committed 39744K, reserved 1114112K
  class space    used 5598K, committed 5888K, reserved 1048576K
}
Event: 17.061 GC heap before
{Heap before GC invocations=13 (full 0):
 garbage-first heap   total 55296K, used 42188K [0x00000000a2600000, 0x0000000100000000)
  region size 1024K, 18 young (18432K), 1 survivors (1024K)
 Metaspace       used 43760K, committed 44224K, reserved 1114112K
  class space    used 6225K, committed 6464K, reserved 1048576K
}
Event: 17.063 GC heap after
{Heap after GC invocations=14 (full 0):
 garbage-first heap   total 71680K, used 26241K [0x00000000a2600000, 0x0000000100000000)
  region size 1024K, 2 young (2048K), 2 survivors (2048K)
 Metaspace       used 43760K, committed 44224K, reserved 1114112K
  class space    used 6225K, committed 6464K, reserved 1048576K
}
Event: 17.896 GC heap before
{Heap before GC invocations=14 (full 0):
 garbage-first heap   total 71680K, used 55937K [0x00000000a2600000, 0x0000000100000000)
  region size 1024K, 31 young (31744K), 2 survivors (2048K)
 Metaspace       used 53579K, committed 54144K, reserved 1114112K
  class space    used 7521K, committed 7808K, reserved 1048576K
}
Event: 17.899 GC heap after
{Heap after GC invocations=15 (full 0):
 garbage-first heap   total 71680K, used 28287K [0x00000000a2600000, 0x0000000100000000)
  region size 1024K, 4 young (4096K), 4 survivors (4096K)
 Metaspace       used 53579K, committed 54144K, reserved 1114112K
  class space    used 7521K, committed 7808K, reserved 1048576K
}
Event: 18.354 GC heap before
{Heap before GC invocations=15 (full 0):
 garbage-first heap   total 71680K, used 48767K [0x00000000a2600000, 0x0000000100000000)
  region size 1024K, 25 young (25600K), 4 survivors (4096K)
 Metaspace       used 59615K, committed 60096K, reserved 1114112K
  class space    used 8590K, committed 8832K, reserved 1048576K
}
Event: 18.358 GC heap after
{Heap after GC invocations=16 (full 0):
 garbage-first heap   total 71680K, used 29101K [0x00000000a2600000, 0x0000000100000000)
  region size 1024K, 3 young (3072K), 3 survivors (3072K)
 Metaspace       used 59615K, committed 60096K, reserved 1114112K
  class space    used 8590K, committed 8832K, reserved 1048576K
}
Event: 18.961 GC heap before
{Heap before GC invocations=17 (full 0):
 garbage-first heap   total 71680K, used 57773K [0x00000000a2600000, 0x0000000100000000)
  region size 1024K, 31 young (31744K), 3 survivors (3072K)
 Metaspace       used 64305K, committed 64896K, reserved 1114112K
  class space    used 9291K, committed 9536K, reserved 1048576K
}
Event: 18.965 GC heap after
{Heap after GC invocations=18 (full 0):
 garbage-first heap   total 71680K, used 31148K [0x00000000a2600000, 0x0000000100000000)
  region size 1024K, 3 young (3072K), 3 survivors (3072K)
 Metaspace       used 64305K, committed 64896K, reserved 1114112K
  class space    used 9291K, committed 9536K, reserved 1048576K
}
Event: 21.256 GC heap before
{Heap before GC invocations=18 (full 0):
 garbage-first heap   total 71680K, used 57772K [0x00000000a2600000, 0x0000000100000000)
  region size 1024K, 29 young (29696K), 3 survivors (3072K)
 Metaspace       used 67470K, committed 67968K, reserved 1114112K
  class space    used 9751K, committed 9984K, reserved 1048576K
}
Event: 21.260 GC heap after
{Heap after GC invocations=19 (full 0):
 garbage-first heap   total 71680K, used 33407K [0x00000000a2600000, 0x0000000100000000)
  region size 1024K, 4 young (4096K), 4 survivors (4096K)
 Metaspace       used 67470K, committed 67968K, reserved 1114112K
  class space    used 9751K, committed 9984K, reserved 1048576K
}
Event: 22.473 GC heap before
{Heap before GC invocations=19 (full 0):
 garbage-first heap   total 71680K, used 57983K [0x00000000a2600000, 0x0000000100000000)
  region size 1024K, 28 young (28672K), 4 survivors (4096K)
 Metaspace       used 68888K, committed 69568K, reserved 1114112K
  class space    used 9913K, committed 10240K, reserved 1048576K
}
Event: 22.477 GC heap after
{Heap after GC invocations=20 (full 0):
 garbage-first heap   total 71680K, used 38510K [0x00000000a2600000, 0x0000000100000000)
  region size 1024K, 4 young (4096K), 4 survivors (4096K)
 Metaspace       used 68888K, committed 69568K, reserved 1114112K
  class space    used 9913K, committed 10240K, reserved 1048576K
}
Event: 22.500 GC heap before
{Heap before GC invocations=20 (full 0):
 garbage-first heap   total 71680K, used 49774K [0x00000000a2600000, 0x0000000100000000)
  region size 1024K, 17 young (17408K), 4 survivors (4096K)
 Metaspace       used 68888K, committed 69568K, reserved 1114112K
  class space    used 9913K, committed 10240K, reserved 1048576K
}
Event: 22.504 GC heap after
{Heap after GC invocations=21 (full 0):
 garbage-first heap   total 71680K, used 40562K [0x00000000a2600000, 0x0000000100000000)
  region size 1024K, 3 young (3072K), 3 survivors (3072K)
 Metaspace       used 68888K, committed 69568K, reserved 1114112K
  class space    used 9913K, committed 10240K, reserved 1048576K
}

