# JRE version: Java(TM) SE Runtime Environment (17.0.12+8) (build 17.0.12+8-LTS-286)
# Java VM: Java HotSpot(TM) 64-Bit Server VM (17.0.12+8-LTS-286, mixed mode, emulated-client, sharing, tiered, compressed oops, compressed class ptrs, g1 gc, windows-amd64)
GC Precious Log:
 CPUs: 16 total, 16 available
 Memory: 5989M
 Large Page Support: Disabled
 NUMA Support: Disabled
 Compressed Oops: Enabled (32-bit)
 Heap Region Size: 1M
 Heap Min Capacity: 8M
 Heap Initial Capacity: 94M
 Heap Max Capacity: 1498M
 Pre-touch: Disabled
 Parallel Workers: 13
 Concurrent Workers: 3
 Concurrent Refinement Workers: 13
 Periodic GC: Disabled
Heap:
 garbage-first heap   total 96256K, used 45755K [0x00000000a2600000, 0x0000000100000000)
  region size 1024K, 2 young (2048K), 2 survivors (2048K)
 Metaspace       used 68868K, committed 69440K, reserved 1114112K
  class space    used 9912K, committed 10176K, reserved 1048576K
GC Heap History (20 events):
Event: 8.652 GC heap after
{Heap after GC invocations=9 (full 0):
 garbage-first heap   total 70656K, used 22442K [0x00000000a2600000, 0x0000000100000000)
  region size 1024K, 4 young (4096K), 4 survivors (4096K)
 Metaspace       used 33659K, committed 34048K, reserved 1114112K
  class space    used 4823K, committed 4992K, reserved 1048576K
}
Event: 8.909 GC heap before
{Heap before GC invocations=9 (full 0):
 garbage-first heap   total 70656K, used 35754K [0x00000000a2600000, 0x0000000100000000)
  region size 1024K, 17 young (17408K), 4 survivors (4096K)
 Metaspace       used 35515K, committed 35968K, reserved 1114112K
  class space    used 5049K, committed 5312K, reserved 1048576K
}
Event: 8.916 GC heap after
{Heap after GC invocations=10 (full 0):
 garbage-first heap   total 70656K, used 23922K [0x00000000a2600000, 0x0000000100000000)
  region size 1024K, 4 young (4096K), 4 survivors (4096K)
 Metaspace       used 35515K, committed 35968K, reserved 1114112K
  class space    used 5049K, committed 5312K, reserved 1048576K
}
Event: 9.387 GC heap before
{Heap before GC invocations=11 (full 0):
 garbage-first heap   total 70656K, used 51570K [0x00000000a2600000, 0x0000000100000000)
  region size 1024K, 31 young (31744K), 4 survivors (4096K)
 Metaspace       used 41191K, committed 41664K, reserved 1114112K
  class space    used 5949K, committed 6208K, reserved 1048576K
}
Event: 9.391 GC heap after
{Heap after GC invocations=12 (full 0):
 garbage-first heap   total 70656K, used 25300K [0x00000000a2600000, 0x0000000100000000)
  region size 1024K, 3 young (3072K), 3 survivors (3072K)
 Metaspace       used 41191K, committed 41664K, reserved 1114112K
  class space    used 5949K, committed 6208K, reserved 1048576K
}
Event: 9.933 GC heap before
{Heap before GC invocations=12 (full 0):
 garbage-first heap   total 70656K, used 53972K [0x00000000a2600000, 0x0000000100000000)
  region size 1024K, 31 young (31744K), 3 survivors (3072K)
 Metaspace       used 51729K, committed 52224K, reserved 1114112K
  class space    used 7277K, committed 7552K, reserved 1048576K
}
Event: 9.937 GC heap after
{Heap after GC invocations=13 (full 0):
 garbage-first heap   total 70656K, used 28147K [0x00000000a2600000, 0x0000000100000000)
  region size 1024K, 4 young (4096K), 4 survivors (4096K)
 Metaspace       used 51729K, committed 52224K, reserved 1114112K
  class space    used 7277K, committed 7552K, reserved 1048576K
}
Event: 10.413 GC heap before
{Heap before GC invocations=13 (full 0):
 garbage-first heap   total 70656K, used 52723K [0x00000000a2600000, 0x0000000100000000)
  region size 1024K, 29 young (29696K), 4 survivors (4096K)
 Metaspace       used 58359K, committed 58880K, reserved 1114112K
  class space    used 8371K, committed 8640K, reserved 1048576K
}
Event: 10.416 GC heap after
{Heap after GC invocations=14 (full 0):
 garbage-first heap   total 70656K, used 29508K [0x00000000a2600000, 0x0000000100000000)
  region size 1024K, 2 young (2048K), 2 survivors (2048K)
 Metaspace       used 58359K, committed 58880K, reserved 1114112K
  class space    used 8371K, committed 8640K, reserved 1048576K
}
Event: 10.530 GC heap before
{Heap before GC invocations=14 (full 0):
 garbage-first heap   total 70656K, used 34628K [0x00000000a2600000, 0x0000000100000000)
  region size 1024K, 8 young (8192K), 2 survivors (2048K)
 Metaspace       used 59836K, committed 60288K, reserved 1114112K
  class space    used 8605K, committed 8832K, reserved 1048576K
}
Event: 10.533 GC heap after
{Heap after GC invocations=15 (full 0):
 garbage-first heap   total 70656K, used 29453K [0x00000000a2600000, 0x0000000100000000)
  region size 1024K, 2 young (2048K), 2 survivors (2048K)
 Metaspace       used 59836K, committed 60288K, reserved 1114112K
  class space    used 8605K, committed 8832K, reserved 1048576K
}
Event: 11.080 GC heap before
{Heap before GC invocations=16 (full 0):
 garbage-first heap   total 70656K, used 55053K [0x00000000a2600000, 0x0000000100000000)
  region size 1024K, 28 young (28672K), 2 survivors (2048K)
 Metaspace       used 64008K, committed 64512K, reserved 1114112K
  class space    used 9237K, committed 9472K, reserved 1048576K
}
Event: 11.083 GC heap after
{Heap after GC invocations=17 (full 0):
 garbage-first heap   total 70656K, used 31239K [0x00000000a2600000, 0x0000000100000000)
  region size 1024K, 4 young (4096K), 4 survivors (4096K)
 Metaspace       used 64008K, committed 64512K, reserved 1114112K
  class space    used 9237K, committed 9472K, reserved 1048576K
}
Event: 11.494 GC heap before
{Heap before GC invocations=17 (full 0):
 garbage-first heap   total 70656K, used 55815K [0x00000000a2600000, 0x0000000100000000)
  region size 1024K, 28 young (28672K), 4 survivors (4096K)
 Metaspace       used 66902K, committed 67456K, reserved 1114112K
  class space    used 9671K, committed 9920K, reserved 1048576K
}
Event: 11.498 GC heap after
{Heap after GC invocations=18 (full 0):
 garbage-first heap   total 70656K, used 33210K [0x00000000a2600000, 0x0000000100000000)
  region size 1024K, 4 young (4096K), 4 survivors (4096K)
 Metaspace       used 66902K, committed 67456K, reserved 1114112K
  class space    used 9671K, committed 9920K, reserved 1048576K
}
Event: 11.732 GC heap before
{Heap before GC invocations=18 (full 0):
 garbage-first heap   total 70656K, used 56762K [0x00000000a2600000, 0x0000000100000000)
  region size 1024K, 26 young (26624K), 4 survivors (4096K)
 Metaspace       used 68868K, committed 69440K, reserved 1114112K
  class space    used 9912K, committed 10176K, reserved 1048576K
}
Event: 11.737 GC heap after
{Heap after GC invocations=19 (full 0):
 garbage-first heap   total 70656K, used 38303K [0x00000000a2600000, 0x0000000100000000)
  region size 1024K, 4 young (4096K), 4 survivors (4096K)
 Metaspace       used 68868K, committed 69440K, reserved 1114112K
  class space    used 9912K, committed 10176K, reserved 1048576K
}
Event: 11.757 GC heap before
{Heap before GC invocations=19 (full 0):
 garbage-first heap   total 70656K, used 55711K [0x00000000a2600000, 0x0000000100000000)
  region size 1024K, 21 young (21504K), 4 survivors (4096K)
 Metaspace       used 68868K, committed 69440K, reserved 1114112K
  class space    used 9912K, committed 10176K, reserved 1048576K
}
Event: 11.761 GC heap after
{Heap after GC invocations=20 (full 0):
 garbage-first heap   total 70656K, used 41589K [0x00000000a2600000, 0x0000000100000000)
  region size 1024K, 3 young (3072K), 3 survivors (3072K)
 Metaspace       used 68868K, committed 69440K, reserved 1114112K
  class space    used 9912K, committed 10176K, reserved 1048576K
}
Event: 11.788 GC heap before
{Heap before GC invocations=20 (full 0):
 garbage-first heap   total 70656K, used 54901K [0x00000000a2600000, 0x0000000100000000)
  region size 1024K, 16 young (16384K), 3 survivors (3072K)
 Metaspace       used 68868K, committed 69440K, reserved 1114112K
  class space    used 9912K, committed 10176K, reserved 1048576K
}

