# JRE version: Java(TM) SE Runtime Environment (17.0.12+8) (build 17.0.12+8-LTS-286)
# Java VM: Java HotSpot(TM) 64-Bit Server VM (17.0.12+8-LTS-286, mixed mode, emulated-client, sharing, tiered, compressed oops, compressed class ptrs, g1 gc, windows-amd64)
GC Precious Log:
 CPUs: 16 total, 16 available
 Memory: 5989M
 Large Page Support: Disabled
 NUMA Support: Disabled
 Compressed Oops: Enabled (32-bit)
 Heap Region Size: 1M
 Heap Min Capacity: 8M
 Heap Initial Capacity: 94M
 Heap Max Capacity: 1498M
 Pre-touch: Disabled
 Parallel Workers: 13
 Concurrent Workers: 3
 Concurrent Refinement Workers: 13
 Periodic GC: Disabled
Heap:
 garbage-first heap   total 132096K, used 72926K [0x00000000a2600000, 0x0000000100000000)
  region size 1024K, 4 young (4096K), 4 survivors (4096K)
 Metaspace       used 68980K, committed 69568K, reserved 1114112K
  class space    used 9927K, committed 10176K, reserved 1048576K
GC Heap History (20 events):
Event: 22.838 GC heap after
{Heap after GC invocations=12 (full 0):
 garbage-first heap   total 86016K, used 29276K [0x00000000a2600000, 0x0000000100000000)
  region size 1024K, 3 young (3072K), 3 survivors (3072K)
 Metaspace       used 57911K, committed 58368K, reserved 1114112K
  class space    used 8292K, committed 8512K, reserved 1048576K
}
Event: 23.111 GC heap before
{Heap before GC invocations=12 (full 0):
 garbage-first heap   total 86016K, used 36444K [0x00000000a2600000, 0x0000000100000000)
  region size 1024K, 11 young (11264K), 3 survivors (3072K)
 Metaspace       used 59617K, committed 60096K, reserved 1114112K
  class space    used 8592K, committed 8832K, reserved 1048576K
}
Event: 23.114 GC heap after
{Heap after GC invocations=13 (full 0):
 garbage-first heap   total 86016K, used 29440K [0x00000000a2600000, 0x0000000100000000)
  region size 1024K, 3 young (3072K), 3 survivors (3072K)
 Metaspace       used 59617K, committed 60096K, reserved 1114112K
  class space    used 8592K, committed 8832K, reserved 1048576K
}
Event: 24.215 GC heap before
{Heap before GC invocations=14 (full 0):
 garbage-first heap   total 86016K, used 66304K [0x00000000a2600000, 0x0000000100000000)
  region size 1024K, 39 young (39936K), 3 survivors (3072K)
 Metaspace       used 65362K, committed 65856K, reserved 1114112K
  class space    used 9440K, committed 9664K, reserved 1048576K
}
Event: 24.219 GC heap after
{Heap after GC invocations=15 (full 0):
 garbage-first heap   total 86016K, used 31994K [0x00000000a2600000, 0x0000000100000000)
  region size 1024K, 5 young (5120K), 5 survivors (5120K)
 Metaspace       used 65362K, committed 65856K, reserved 1114112K
  class space    used 9440K, committed 9664K, reserved 1048576K
}
Event: 24.991 GC heap before
{Heap before GC invocations=15 (full 0):
 garbage-first heap   total 86016K, used 67834K [0x00000000a2600000, 0x0000000100000000)
  region size 1024K, 40 young (40960K), 5 survivors (5120K)
 Metaspace       used 68887K, committed 69504K, reserved 1114112K
  class space    used 9914K, committed 10176K, reserved 1048576K
}
Event: 24.998 GC heap after
{Heap after GC invocations=16 (full 0):
 garbage-first heap   total 86016K, used 37889K [0x00000000a2600000, 0x0000000100000000)
  region size 1024K, 5 young (5120K), 5 survivors (5120K)
 Metaspace       used 68887K, committed 69504K, reserved 1114112K
  class space    used 9914K, committed 10176K, reserved 1048576K
}
Event: 25.060 GC heap before
{Heap before GC invocations=16 (full 0):
 garbage-first heap   total 86016K, used 66561K [0x00000000a2600000, 0x0000000100000000)
  region size 1024K, 33 young (33792K), 5 survivors (5120K)
 Metaspace       used 68888K, committed 69504K, reserved 1114112K
  class space    used 9914K, committed 10176K, reserved 1048576K
}
Event: 25.066 GC heap after
{Heap after GC invocations=17 (full 0):
 garbage-first heap   total 86016K, used 43003K [0x00000000a2600000, 0x0000000100000000)
  region size 1024K, 5 young (5120K), 5 survivors (5120K)
 Metaspace       used 68888K, committed 69504K, reserved 1114112K
  class space    used 9914K, committed 10176K, reserved 1048576K
}
Event: 25.078 GC heap before
{Heap before GC invocations=17 (full 0):
 garbage-first heap   total 86016K, used 51195K [0x00000000a2600000, 0x0000000100000000)
  region size 1024K, 14 young (14336K), 5 survivors (5120K)
 Metaspace       used 68888K, committed 69504K, reserved 1114112K
  class space    used 9914K, committed 10176K, reserved 1048576K
}
Event: 25.082 GC heap after
{Heap after GC invocations=18 (full 0):
 garbage-first heap   total 115712K, used 45371K [0x00000000a2600000, 0x0000000100000000)
  region size 1024K, 3 young (3072K), 3 survivors (3072K)
 Metaspace       used 68888K, committed 69504K, reserved 1114112K
  class space    used 9914K, committed 10176K, reserved 1048576K
}
Event: 25.195 GC heap before
{Heap before GC invocations=18 (full 0):
 garbage-first heap   total 115712K, used 85307K [0x00000000a2600000, 0x0000000100000000)
  region size 1024K, 41 young (41984K), 3 survivors (3072K)
 Metaspace       used 68980K, committed 69568K, reserved 1114112K
  class space    used 9927K, committed 10176K, reserved 1048576K
}
Event: 25.202 GC heap after
{Heap after GC invocations=19 (full 0):
 garbage-first heap   total 115712K, used 57006K [0x00000000a2600000, 0x0000000100000000)
  region size 1024K, 6 young (6144K), 6 survivors (6144K)
 Metaspace       used 68980K, committed 69568K, reserved 1114112K
  class space    used 9927K, committed 10176K, reserved 1048576K
}
Event: 25.216 GC heap before
{Heap before GC invocations=19 (full 0):
 garbage-first heap   total 115712K, used 70318K [0x00000000a2600000, 0x0000000100000000)
  region size 1024K, 20 young (20480K), 6 survivors (6144K)
 Metaspace       used 68980K, committed 69568K, reserved 1114112K
  class space    used 9927K, committed 10176K, reserved 1048576K
}
Event: 25.221 GC heap after
{Heap after GC invocations=20 (full 0):
 garbage-first heap   total 115712K, used 60097K [0x00000000a2600000, 0x0000000100000000)
  region size 1024K, 4 young (4096K), 4 survivors (4096K)
 Metaspace       used 68980K, committed 69568K, reserved 1114112K
  class space    used 9927K, committed 10176K, reserved 1048576K
}
Event: 25.298 GC heap before
{Heap before GC invocations=21 (full 0):
 garbage-first heap   total 132096K, used 87745K [0x00000000a2600000, 0x0000000100000000)
  region size 1024K, 31 young (31744K), 4 survivors (4096K)
 Metaspace       used 68980K, committed 69568K, reserved 1114112K
  class space    used 9927K, committed 10176K, reserved 1048576K
}
Event: 25.304 GC heap after
{Heap after GC invocations=22 (full 0):
 garbage-first heap   total 132096K, used 68506K [0x00000000a2600000, 0x0000000100000000)
  region size 1024K, 4 young (4096K), 4 survivors (4096K)
 Metaspace       used 68980K, committed 69568K, reserved 1114112K
  class space    used 9927K, committed 10176K, reserved 1048576K
}
Event: 25.306 GC heap before
{Heap before GC invocations=22 (full 0):
 garbage-first heap   total 132096K, used 70554K [0x00000000a2600000, 0x0000000100000000)
  region size 1024K, 6 young (6144K), 4 survivors (4096K)
 Metaspace       used 68980K, committed 69568K, reserved 1114112K
  class space    used 9927K, committed 10176K, reserved 1048576K
}
Event: 25.308 GC heap after
{Heap after GC invocations=23 (full 0):
 garbage-first heap   total 132096K, used 68838K [0x00000000a2600000, 0x0000000100000000)
  region size 1024K, 1 young (1024K), 1 survivors (1024K)
 Metaspace       used 68980K, committed 69568K, reserved 1114112K
  class space    used 9927K, committed 10176K, reserved 1048576K
}
Event: 25.325 GC heap before
{Heap before GC invocations=23 (full 0):
 garbage-first heap   total 132096K, used 87270K [0x00000000a2600000, 0x0000000100000000)
  region size 1024K, 20 young (20480K), 1 survivors (1024K)
 Metaspace       used 68980K, committed 69568K, reserved 1114112K
  class space    used 9927K, committed 10176K, reserved 1048576K
}

